2022-12-15T10:23:11.286Z: SYS> Session logging started. 


2022-12-15T10:23:11.625Z: SYS> Connecting to: www.solarlogs.be:8880/OCPP/websocket/CentralSystemService/OCPP20221000001 with security_profile: 0 


2022-12-15T10:23:11.773Z: SYS> Connected 


2022-12-15T10:23:11.774Z: ChargePoint>CentralSystem BootNotification 
[
  2,
  "8719f206-c06a-4993-8dbd-1a156f2ef231",
  "BootNotification",
  {
    "chargePointModel": "Yeti",
    "chargePointVendor": "Pionix",
    "firmwareVersion": "0.1"
  }
]

2022-12-15T10:23:11.826Z: CentralSystem>ChargePoint  BootNotificationResponse
[
  3,
  "8719f206-c06a-4993-8dbd-1a156f2ef231",
  {
    "currentTime": "2023-01-10T14:03:28.129Z",
    "interval": 14400,
    "status": "Accepted"
  }
]

2022-12-15T10:23:11.841Z: ChargePoint>CentralSystem StatusNotification 
[
  2,
  "39a2d655-dd5b-4343-891a-0b45b318c222",
  "StatusNotification",
  {
    "connectorId": 0,
    "errorCode": "NoError",
    "status": "Available"
  }
]

2022-12-15T10:23:11.882Z: CentralSystem>ChargePoint  StatusNotificationResponse
[
  3,
  "39a2d655-dd5b-4343-891a-0b45b318c222",
  {}
]

2022-12-15T10:23:11.883Z: ChargePoint>CentralSystem StatusNotification 
[
  2,
  "3f152cd5-8327-4124-b8d3-1c901e988eca",
  "StatusNotification",
  {
    "connectorId": 1,
    "errorCode": "NoError",
    "status": "Available"
  }
]

2022-12-15T10:23:11.948Z: CentralSystem>ChargePoint  StatusNotificationResponse
[
  3,
  "3f152cd5-8327-4124-b8d3-1c901e988eca",
  {}
]

2022-12-15T10:23:14.817Z: SYS> Disconnecting 


2022-12-15T10:23:14.859Z: SYS> Disconnected 


